2015-06-16 15:05:40,354 [main] ERROR [org.springframework.web.context.ContextLoader] - Context initialization failed
org.springframework.beans.factory.BeanCreationException: Error creating bean with name 'oauthUserApprovalHandler' defined in URL [file:/E:/program/workplace/authentication/target/classes/security-oauth.xml]: Cannot resolve reference to bean 'oauthService' while setting bean property 'oauthService'; nested exception is org.springframework.beans.factory.NoSuchBeanDefinitionException: No bean named 'oauthService' is defined
	at org.springframework.beans.factory.support.BeanDefinitionValueResolver.resolveReference(BeanDefinitionValueResolver.java:328) ~[spring-beans-3.1.1.RELEASE.jar:3.1.1.RELEASE]
	at org.springframework.beans.factory.support.BeanDefinitionValueResolver.resolveValueIfNecessary(BeanDefinitionValueResolver.java:106) ~[spring-beans-3.1.1.RELEASE.jar:3.1.1.RELEASE]
	at org.springframework.beans.factory.support.AbstractAutowireCapableBeanFactory.applyPropertyValues(AbstractAutowireCapableBeanFactory.java:1360) ~[spring-beans-3.1.1.RELEASE.jar:3.1.1.RELEASE]
	at org.springframework.beans.factory.support.AbstractAutowireCapableBeanFactory.populateBean(AbstractAutowireCapableBeanFactory.java:1118) ~[spring-beans-3.1.1.RELEASE.jar:3.1.1.RELEASE]
	at org.springframework.beans.factory.support.AbstractAutowireCapableBeanFactory.doCreateBean(AbstractAutowireCapableBeanFactory.java:517) ~[spring-beans-3.1.1.RELEASE.jar:3.1.1.RELEASE]
	at org.springframework.beans.factory.support.AbstractAutowireCapableBeanFactory.createBean(AbstractAutowireCapableBeanFactory.java:456) ~[spring-beans-3.1.1.RELEASE.jar:3.1.1.RELEASE]
	at org.springframework.beans.factory.support.AbstractBeanFactory$1.getObject(AbstractBeanFactory.java:294) ~[spring-beans-3.1.1.RELEASE.jar:3.1.1.RELEASE]
	at org.springframework.beans.factory.support.DefaultSingletonBeanRegistry.getSingleton(DefaultSingletonBeanRegistry.java:225) ~[spring-beans-3.1.1.RELEASE.jar:3.1.1.RELEASE]
	at org.springframework.beans.factory.support.AbstractBeanFactory.doGetBean(AbstractBeanFactory.java:291) ~[spring-beans-3.1.1.RELEASE.jar:3.1.1.RELEASE]
	at org.springframework.beans.factory.support.AbstractBeanFactory.getBean(AbstractBeanFactory.java:193) ~[spring-beans-3.1.1.RELEASE.jar:3.1.1.RELEASE]
	at org.springframework.beans.factory.support.DefaultListableBeanFactory.preInstantiateSingletons(DefaultListableBeanFactory.java:585) ~[spring-beans-3.1.1.RELEASE.jar:3.1.1.RELEASE]
	at org.springframework.context.support.AbstractApplicationContext.finishBeanFactoryInitialization(AbstractApplicationContext.java:913) ~[spring-context-3.1.1.RELEASE.jar:3.1.1.RELEASE]
	at org.springframework.context.support.AbstractApplicationContext.refresh(AbstractApplicationContext.java:464) ~[spring-context-3.1.1.RELEASE.jar:3.1.1.RELEASE]
	at org.springframework.web.context.ContextLoader.configureAndRefreshWebApplicationContext(ContextLoader.java:385) ~[spring-web-3.1.1.RELEASE.jar:3.1.1.RELEASE]
	at org.springframework.web.context.ContextLoader.initWebApplicationContext(ContextLoader.java:284) ~[spring-web-3.1.1.RELEASE.jar:3.1.1.RELEASE]
	at org.springframework.web.context.ContextLoaderListener.contextInitialized(ContextLoaderListener.java:111) [spring-web-3.1.1.RELEASE.jar:3.1.1.RELEASE]
	at org.eclipse.jetty.server.handler.ContextHandler.callContextInitialized(ContextHandler.java:764) [jetty-server-8.1.0.v20120127.jar:8.1.0.v20120127]
	at org.eclipse.jetty.servlet.ServletContextHandler.callContextInitialized(ServletContextHandler.java:406) [jetty-servlet-8.1.0.v20120127.jar:8.1.0.v20120127]
	at org.eclipse.jetty.server.handler.ContextHandler.startContext(ContextHandler.java:756) [jetty-server-8.1.0.v20120127.jar:8.1.0.v20120127]
	at org.eclipse.jetty.servlet.ServletContextHandler.startContext(ServletContextHandler.java:242) [jetty-servlet-8.1.0.v20120127.jar:8.1.0.v20120127]
	at org.eclipse.jetty.webapp.WebAppContext.startContext(WebAppContext.java:1213) [jetty-webapp-8.1.0.v20120127.jar:8.1.0.v20120127]
	at org.eclipse.jetty.server.handler.ContextHandler.doStart(ContextHandler.java:699) [jetty-server-8.1.0.v20120127.jar:8.1.0.v20120127]
	at org.eclipse.jetty.webapp.WebAppContext.doStart(WebAppContext.java:454) [jetty-webapp-8.1.0.v20120127.jar:8.1.0.v20120127]
	at org.mortbay.jetty.plugin.JettyWebAppContext.doStart(JettyWebAppContext.java:256) [jetty-maven-plugin-8.1.0.v20120127.jar:8.1.0.v20120127]
	at org.eclipse.jetty.util.component.AbstractLifeCycle.start(AbstractLifeCycle.java:59) [jetty-util-8.1.0.v20120127.jar:8.1.0.v20120127]
	at org.eclipse.jetty.server.handler.HandlerCollection.doStart(HandlerCollection.java:224) [jetty-server-8.1.0.v20120127.jar:8.1.0.v20120127]
	at org.eclipse.jetty.server.handler.ContextHandlerCollection.doStart(ContextHandlerCollection.java:167) [jetty-server-8.1.0.v20120127.jar:8.1.0.v20120127]
	at org.eclipse.jetty.util.component.AbstractLifeCycle.start(AbstractLifeCycle.java:59) [jetty-util-8.1.0.v20120127.jar:8.1.0.v20120127]
	at org.eclipse.jetty.server.handler.HandlerCollection.doStart(HandlerCollection.java:224) [jetty-server-8.1.0.v20120127.jar:8.1.0.v20120127]
	at org.eclipse.jetty.util.component.AbstractLifeCycle.start(AbstractLifeCycle.java:59) [jetty-util-8.1.0.v20120127.jar:8.1.0.v20120127]
	at org.eclipse.jetty.server.handler.HandlerWrapper.doStart(HandlerWrapper.java:90) [jetty-server-8.1.0.v20120127.jar:8.1.0.v20120127]
	at org.eclipse.jetty.server.Server.doStart(Server.java:263) [jetty-server-8.1.0.v20120127.jar:8.1.0.v20120127]
	at org.mortbay.jetty.plugin.JettyServer.doStart(JettyServer.java:65) [jetty-maven-plugin-8.1.0.v20120127.jar:8.1.0.v20120127]
	at org.eclipse.jetty.util.component.AbstractLifeCycle.start(AbstractLifeCycle.java:59) [jetty-util-8.1.0.v20120127.jar:8.1.0.v20120127]
	at org.mortbay.jetty.plugin.AbstractJettyMojo.startJetty(AbstractJettyMojo.java:511) [jetty-maven-plugin-8.1.0.v20120127.jar:8.1.0.v20120127]
	at org.mortbay.jetty.plugin.AbstractJettyMojo.execute(AbstractJettyMojo.java:364) [jetty-maven-plugin-8.1.0.v20120127.jar:8.1.0.v20120127]
	at org.mortbay.jetty.plugin.JettyRunMojo.execute(JettyRunMojo.java:514) [jetty-maven-plugin-8.1.0.v20120127.jar:8.1.0.v20120127]
	at org.apache.maven.plugin.DefaultBuildPluginManager.executeMojo(DefaultBuildPluginManager.java:101) [maven-core-3.0.4.jar:3.0.4]
	at org.apache.maven.lifecycle.internal.MojoExecutor.execute(MojoExecutor.java:209) [maven-core-3.0.4.jar:3.0.4]
	at org.apache.maven.lifecycle.internal.MojoExecutor.execute(MojoExecutor.java:153) [maven-core-3.0.4.jar:3.0.4]
	at org.apache.maven.lifecycle.internal.MojoExecutor.execute(MojoExecutor.java:145) [maven-core-3.0.4.jar:3.0.4]
	at org.apache.maven.lifecycle.internal.LifecycleModuleBuilder.buildProject(LifecycleModuleBuilder.java:84) [maven-core-3.0.4.jar:3.0.4]
	at org.apache.maven.lifecycle.internal.LifecycleModuleBuilder.buildProject(LifecycleModuleBuilder.java:59) [maven-core-3.0.4.jar:3.0.4]
	at org.apache.maven.lifecycle.internal.LifecycleStarter.singleThreadedBuild(LifecycleStarter.java:183) [maven-core-3.0.4.jar:3.0.4]
	at org.apache.maven.lifecycle.internal.LifecycleStarter.execute(LifecycleStarter.java:161) [maven-core-3.0.4.jar:3.0.4]
	at org.apache.maven.DefaultMaven.doExecute(DefaultMaven.java:320) [maven-core-3.0.4.jar:3.0.4]
	at org.apache.maven.DefaultMaven.execute(DefaultMaven.java:156) [maven-core-3.0.4.jar:3.0.4]
	at org.apache.maven.cli.MavenCli.execute(MavenCli.java:537) [maven-embedder-3.0.4.jar:3.0.4]
	at org.apache.maven.cli.MavenCli.doMain(MavenCli.java:196) [maven-embedder-3.0.4.jar:3.0.4]
	at org.apache.maven.cli.MavenCli.main(MavenCli.java:141) [maven-embedder-3.0.4.jar:3.0.4]
	at sun.reflect.NativeMethodAccessorImpl.invoke0(Native Method) ~[na:1.8.0_05]
	at sun.reflect.NativeMethodAccessorImpl.invoke(NativeMethodAccessorImpl.java:62) ~[na:1.8.0_05]
	at sun.reflect.DelegatingMethodAccessorImpl.invoke(DelegatingMethodAccessorImpl.java:43) ~[na:1.8.0_05]
	at java.lang.reflect.Method.invoke(Method.java:483) ~[na:1.8.0_05]
	at org.codehaus.plexus.classworlds.launcher.Launcher.launchEnhanced(Launcher.java:290) [plexus-classworlds-2.4.jar:na]
	at org.codehaus.plexus.classworlds.launcher.Launcher.launch(Launcher.java:230) [plexus-classworlds-2.4.jar:na]
	at org.codehaus.plexus.classworlds.launcher.Launcher.mainWithExitCode(Launcher.java:409) [plexus-classworlds-2.4.jar:na]
	at org.codehaus.plexus.classworlds.launcher.Launcher.main(Launcher.java:352) [plexus-classworlds-2.4.jar:na]
Caused by: org.springframework.beans.factory.NoSuchBeanDefinitionException: No bean named 'oauthService' is defined
	at org.springframework.beans.factory.support.DefaultListableBeanFactory.getBeanDefinition(DefaultListableBeanFactory.java:529) ~[spring-beans-3.1.1.RELEASE.jar:3.1.1.RELEASE]
	at org.springframework.beans.factory.support.AbstractBeanFactory.getMergedLocalBeanDefinition(AbstractBeanFactory.java:1095) ~[spring-beans-3.1.1.RELEASE.jar:3.1.1.RELEASE]
	at org.springframework.beans.factory.support.AbstractBeanFactory.doGetBean(AbstractBeanFactory.java:277) ~[spring-beans-3.1.1.RELEASE.jar:3.1.1.RELEASE]
	at org.springframework.beans.factory.support.AbstractBeanFactory.getBean(AbstractBeanFactory.java:193) ~[spring-beans-3.1.1.RELEASE.jar:3.1.1.RELEASE]
	at org.springframework.beans.factory.support.BeanDefinitionValueResolver.resolveReference(BeanDefinitionValueResolver.java:322) ~[spring-beans-3.1.1.RELEASE.jar:3.1.1.RELEASE]
	... 57 common frames omitted
2015-06-16 15:08:30,243 [main] ERROR [org.springframework.web.context.ContextLoader] - Context initialization failed
org.springframework.beans.factory.xml.XmlBeanDefinitionStoreException: Line 25 in XML document from URL [file:/E:/program/workplace/authentication/target/classes/security-oauth.xml] is invalid; nested exception is org.xml.sax.SAXParseException; lineNumber: 25; columnNumber: 11; 注释中不允许出现字符串 "--"。
	at org.springframework.beans.factory.xml.XmlBeanDefinitionReader.doLoadBeanDefinitions(XmlBeanDefinitionReader.java:396) ~[spring-beans-3.1.1.RELEASE.jar:3.1.1.RELEASE]
	at org.springframework.beans.factory.xml.XmlBeanDefinitionReader.loadBeanDefinitions(XmlBeanDefinitionReader.java:334) ~[spring-beans-3.1.1.RELEASE.jar:3.1.1.RELEASE]
	at org.springframework.beans.factory.xml.XmlBeanDefinitionReader.loadBeanDefinitions(XmlBeanDefinitionReader.java:302) ~[spring-beans-3.1.1.RELEASE.jar:3.1.1.RELEASE]
	at org.springframework.beans.factory.support.AbstractBeanDefinitionReader.loadBeanDefinitions(AbstractBeanDefinitionReader.java:174) ~[spring-beans-3.1.1.RELEASE.jar:3.1.1.RELEASE]
	at org.springframework.beans.factory.support.AbstractBeanDefinitionReader.loadBeanDefinitions(AbstractBeanDefinitionReader.java:209) ~[spring-beans-3.1.1.RELEASE.jar:3.1.1.RELEASE]
	at org.springframework.beans.factory.support.AbstractBeanDefinitionReader.loadBeanDefinitions(AbstractBeanDefinitionReader.java:180) ~[spring-beans-3.1.1.RELEASE.jar:3.1.1.RELEASE]
	at org.springframework.web.context.support.XmlWebApplicationContext.loadBeanDefinitions(XmlWebApplicationContext.java:125) ~[spring-web-3.1.1.RELEASE.jar:3.1.1.RELEASE]
	at org.springframework.web.context.support.XmlWebApplicationContext.loadBeanDefinitions(XmlWebApplicationContext.java:94) ~[spring-web-3.1.1.RELEASE.jar:3.1.1.RELEASE]
	at org.springframework.context.support.AbstractRefreshableApplicationContext.refreshBeanFactory(AbstractRefreshableApplicationContext.java:131) ~[spring-context-3.1.1.RELEASE.jar:3.1.1.RELEASE]
	at org.springframework.context.support.AbstractApplicationContext.obtainFreshBeanFactory(AbstractApplicationContext.java:522) ~[spring-context-3.1.1.RELEASE.jar:3.1.1.RELEASE]
	at org.springframework.context.support.AbstractApplicationContext.refresh(AbstractApplicationContext.java:436) ~[spring-context-3.1.1.RELEASE.jar:3.1.1.RELEASE]
	at org.springframework.web.context.ContextLoader.configureAndRefreshWebApplicationContext(ContextLoader.java:385) ~[spring-web-3.1.1.RELEASE.jar:3.1.1.RELEASE]
	at org.springframework.web.context.ContextLoader.initWebApplicationContext(ContextLoader.java:284) ~[spring-web-3.1.1.RELEASE.jar:3.1.1.RELEASE]
	at org.springframework.web.context.ContextLoaderListener.contextInitialized(ContextLoaderListener.java:111) [spring-web-3.1.1.RELEASE.jar:3.1.1.RELEASE]
	at org.eclipse.jetty.server.handler.ContextHandler.callContextInitialized(ContextHandler.java:764) [jetty-server-8.1.0.v20120127.jar:8.1.0.v20120127]
	at org.eclipse.jetty.servlet.ServletContextHandler.callContextInitialized(ServletContextHandler.java:406) [jetty-servlet-8.1.0.v20120127.jar:8.1.0.v20120127]
	at org.eclipse.jetty.server.handler.ContextHandler.startContext(ContextHandler.java:756) [jetty-server-8.1.0.v20120127.jar:8.1.0.v20120127]
	at org.eclipse.jetty.servlet.ServletContextHandler.startContext(ServletContextHandler.java:242) [jetty-servlet-8.1.0.v20120127.jar:8.1.0.v20120127]
	at org.eclipse.jetty.webapp.WebAppContext.startContext(WebAppContext.java:1213) [jetty-webapp-8.1.0.v20120127.jar:8.1.0.v20120127]
	at org.eclipse.jetty.server.handler.ContextHandler.doStart(ContextHandler.java:699) [jetty-server-8.1.0.v20120127.jar:8.1.0.v20120127]
	at org.eclipse.jetty.webapp.WebAppContext.doStart(WebAppContext.java:454) [jetty-webapp-8.1.0.v20120127.jar:8.1.0.v20120127]
	at org.mortbay.jetty.plugin.JettyWebAppContext.doStart(JettyWebAppContext.java:256) [jetty-maven-plugin-8.1.0.v20120127.jar:8.1.0.v20120127]
	at org.eclipse.jetty.util.component.AbstractLifeCycle.start(AbstractLifeCycle.java:59) [jetty-util-8.1.0.v20120127.jar:8.1.0.v20120127]
	at org.eclipse.jetty.server.handler.HandlerCollection.doStart(HandlerCollection.java:224) [jetty-server-8.1.0.v20120127.jar:8.1.0.v20120127]
	at org.eclipse.jetty.server.handler.ContextHandlerCollection.doStart(ContextHandlerCollection.java:167) [jetty-server-8.1.0.v20120127.jar:8.1.0.v20120127]
	at org.eclipse.jetty.util.component.AbstractLifeCycle.start(AbstractLifeCycle.java:59) [jetty-util-8.1.0.v20120127.jar:8.1.0.v20120127]
	at org.eclipse.jetty.server.handler.HandlerCollection.doStart(HandlerCollection.java:224) [jetty-server-8.1.0.v20120127.jar:8.1.0.v20120127]
	at org.eclipse.jetty.util.component.AbstractLifeCycle.start(AbstractLifeCycle.java:59) [jetty-util-8.1.0.v20120127.jar:8.1.0.v20120127]
	at org.eclipse.jetty.server.handler.HandlerWrapper.doStart(HandlerWrapper.java:90) [jetty-server-8.1.0.v20120127.jar:8.1.0.v20120127]
	at org.eclipse.jetty.server.Server.doStart(Server.java:263) [jetty-server-8.1.0.v20120127.jar:8.1.0.v20120127]
	at org.mortbay.jetty.plugin.JettyServer.doStart(JettyServer.java:65) [jetty-maven-plugin-8.1.0.v20120127.jar:8.1.0.v20120127]
	at org.eclipse.jetty.util.component.AbstractLifeCycle.start(AbstractLifeCycle.java:59) [jetty-util-8.1.0.v20120127.jar:8.1.0.v20120127]
	at org.mortbay.jetty.plugin.AbstractJettyMojo.startJetty(AbstractJettyMojo.java:511) [jetty-maven-plugin-8.1.0.v20120127.jar:8.1.0.v20120127]
	at org.mortbay.jetty.plugin.AbstractJettyMojo.execute(AbstractJettyMojo.java:364) [jetty-maven-plugin-8.1.0.v20120127.jar:8.1.0.v20120127]
	at org.mortbay.jetty.plugin.JettyRunMojo.execute(JettyRunMojo.java:514) [jetty-maven-plugin-8.1.0.v20120127.jar:8.1.0.v20120127]
	at org.apache.maven.plugin.DefaultBuildPluginManager.executeMojo(DefaultBuildPluginManager.java:101) [maven-core-3.0.4.jar:3.0.4]
	at org.apache.maven.lifecycle.internal.MojoExecutor.execute(MojoExecutor.java:209) [maven-core-3.0.4.jar:3.0.4]
	at org.apache.maven.lifecycle.internal.MojoExecutor.execute(MojoExecutor.java:153) [maven-core-3.0.4.jar:3.0.4]
	at org.apache.maven.lifecycle.internal.MojoExecutor.execute(MojoExecutor.java:145) [maven-core-3.0.4.jar:3.0.4]
	at org.apache.maven.lifecycle.internal.LifecycleModuleBuilder.buildProject(LifecycleModuleBuilder.java:84) [maven-core-3.0.4.jar:3.0.4]
	at org.apache.maven.lifecycle.internal.LifecycleModuleBuilder.buildProject(LifecycleModuleBuilder.java:59) [maven-core-3.0.4.jar:3.0.4]
	at org.apache.maven.lifecycle.internal.LifecycleStarter.singleThreadedBuild(LifecycleStarter.java:183) [maven-core-3.0.4.jar:3.0.4]
	at org.apache.maven.lifecycle.internal.LifecycleStarter.execute(LifecycleStarter.java:161) [maven-core-3.0.4.jar:3.0.4]
	at org.apache.maven.DefaultMaven.doExecute(DefaultMaven.java:320) [maven-core-3.0.4.jar:3.0.4]
	at org.apache.maven.DefaultMaven.execute(DefaultMaven.java:156) [maven-core-3.0.4.jar:3.0.4]
	at org.apache.maven.cli.MavenCli.execute(MavenCli.java:537) [maven-embedder-3.0.4.jar:3.0.4]
	at org.apache.maven.cli.MavenCli.doMain(MavenCli.java:196) [maven-embedder-3.0.4.jar:3.0.4]
	at org.apache.maven.cli.MavenCli.main(MavenCli.java:141) [maven-embedder-3.0.4.jar:3.0.4]
	at sun.reflect.NativeMethodAccessorImpl.invoke0(Native Method) ~[na:1.8.0_05]
	at sun.reflect.NativeMethodAccessorImpl.invoke(NativeMethodAccessorImpl.java:62) ~[na:1.8.0_05]
	at sun.reflect.DelegatingMethodAccessorImpl.invoke(DelegatingMethodAccessorImpl.java:43) ~[na:1.8.0_05]
	at java.lang.reflect.Method.invoke(Method.java:483) ~[na:1.8.0_05]
	at org.codehaus.plexus.classworlds.launcher.Launcher.launchEnhanced(Launcher.java:290) [plexus-classworlds-2.4.jar:na]
	at org.codehaus.plexus.classworlds.launcher.Launcher.launch(Launcher.java:230) [plexus-classworlds-2.4.jar:na]
	at org.codehaus.plexus.classworlds.launcher.Launcher.mainWithExitCode(Launcher.java:409) [plexus-classworlds-2.4.jar:na]
	at org.codehaus.plexus.classworlds.launcher.Launcher.main(Launcher.java:352) [plexus-classworlds-2.4.jar:na]
Caused by: org.xml.sax.SAXParseException: 注释中不允许出现字符串 "--"。
	at com.sun.org.apache.xerces.internal.util.ErrorHandlerWrapper.createSAXParseException(ErrorHandlerWrapper.java:203) ~[na:1.8.0_05]
	at com.sun.org.apache.xerces.internal.util.ErrorHandlerWrapper.fatalError(ErrorHandlerWrapper.java:177) ~[na:1.8.0_05]
	at com.sun.org.apache.xerces.internal.impl.XMLErrorReporter.reportError(XMLErrorReporter.java:441) ~[na:1.8.0_05]
	at com.sun.org.apache.xerces.internal.impl.XMLErrorReporter.reportError(XMLErrorReporter.java:368) ~[na:1.8.0_05]
	at com.sun.org.apache.xerces.internal.impl.XMLScanner.reportFatalError(XMLScanner.java:1436) ~[na:1.8.0_05]
	at com.sun.org.apache.xerces.internal.impl.XMLScanner.scanComment(XMLScanner.java:796) ~[na:1.8.0_05]
	at com.sun.org.apache.xerces.internal.impl.XMLDocumentFragmentScannerImpl.scanComment(XMLDocumentFragmentScannerImpl.java:1038) ~[na:1.8.0_05]
	at com.sun.org.apache.xerces.internal.impl.XMLDocumentFragmentScannerImpl$FragmentContentDriver.next(XMLDocumentFragmentScannerImpl.java:2972) ~[na:1.8.0_05]
	at com.sun.org.apache.xerces.internal.impl.XMLDocumentScannerImpl.next(XMLDocumentScannerImpl.java:606) ~[na:1.8.0_05]
	at com.sun.org.apache.xerces.internal.impl.XMLNSDocumentScannerImpl.next(XMLNSDocumentScannerImpl.java:117) ~[na:1.8.0_05]
	at com.sun.org.apache.xerces.internal.impl.XMLDocumentFragmentScannerImpl.scanDocument(XMLDocumentFragmentScannerImpl.java:510) ~[na:1.8.0_05]
	at com.sun.org.apache.xerces.internal.parsers.XML11Configuration.parse(XML11Configuration.java:848) ~[na:1.8.0_05]
	at com.sun.org.apache.xerces.internal.parsers.XML11Configuration.parse(XML11Configuration.java:777) ~[na:1.8.0_05]
	at com.sun.org.apache.xerces.internal.parsers.XMLParser.parse(XMLParser.java:141) ~[na:1.8.0_05]
	at com.sun.org.apache.xerces.internal.parsers.DOMParser.parse(DOMParser.java:243) ~[na:1.8.0_05]
	at com.sun.org.apache.xerces.internal.jaxp.DocumentBuilderImpl.parse(DocumentBuilderImpl.java:348) ~[na:1.8.0_05]
	at org.springframework.beans.factory.xml.DefaultDocumentLoader.loadDocument(DefaultDocumentLoader.java:75) ~[spring-beans-3.1.1.RELEASE.jar:3.1.1.RELEASE]
	at org.springframework.beans.factory.xml.XmlBeanDefinitionReader.doLoadBeanDefinitions(XmlBeanDefinitionReader.java:388) ~[spring-beans-3.1.1.RELEASE.jar:3.1.1.RELEASE]
	... 55 common frames omitted
