2015-06-09 09:58:52,454 [main] ERROR [org.springframework.web.servlet.DispatcherServlet] - Context initialization failed
org.springframework.beans.factory.BeanCreationException: Error creating bean with name 'simpleMapperScanner' defined in URL [file:/E:/program/workplace/authentication/target/classes/applicationContext.xml]: Initialization of bean failed; nested exception is org.springframework.beans.TypeMismatchException: Failed to convert property value of type 'java.lang.String' to required type 'java.lang.Class' for property 'annotationClass'; nested exception is java.lang.IllegalArgumentException: Cannot find class [cn.com.conversant.mediacorpugc.annotation.DataAccessRepository]
	at org.springframework.beans.factory.support.AbstractAutowireCapableBeanFactory.doCreateBean(AbstractAutowireCapableBeanFactory.java:527) ~[spring-beans-3.1.3.RELEASE.jar:3.1.3.RELEASE]
	at org.springframework.beans.factory.support.AbstractAutowireCapableBeanFactory.createBean(AbstractAutowireCapableBeanFactory.java:456) ~[spring-beans-3.1.3.RELEASE.jar:3.1.3.RELEASE]
	at org.springframework.beans.factory.support.AbstractBeanFactory$1.getObject(AbstractBeanFactory.java:294) ~[spring-beans-3.1.3.RELEASE.jar:3.1.3.RELEASE]
	at org.springframework.beans.factory.support.DefaultSingletonBeanRegistry.getSingleton(DefaultSingletonBeanRegistry.java:225) ~[spring-beans-3.1.3.RELEASE.jar:3.1.3.RELEASE]
	at org.springframework.beans.factory.support.AbstractBeanFactory.doGetBean(AbstractBeanFactory.java:291) ~[spring-beans-3.1.3.RELEASE.jar:3.1.3.RELEASE]
	at org.springframework.beans.factory.support.AbstractBeanFactory.getBean(AbstractBeanFactory.java:197) ~[spring-beans-3.1.3.RELEASE.jar:3.1.3.RELEASE]
	at org.springframework.beans.factory.support.DefaultListableBeanFactory.getBeansOfType(DefaultListableBeanFactory.java:420) ~[spring-beans-3.1.3.RELEASE.jar:3.1.3.RELEASE]
	at org.springframework.context.support.AbstractApplicationContext.invokeBeanFactoryPostProcessors(AbstractApplicationContext.java:618) ~[spring-context-3.1.3.RELEASE.jar:3.1.3.RELEASE]
	at org.springframework.context.support.AbstractApplicationContext.refresh(AbstractApplicationContext.java:454) ~[spring-context-3.1.3.RELEASE.jar:3.1.3.RELEASE]
	at org.springframework.web.servlet.FrameworkServlet.configureAndRefreshWebApplicationContext(FrameworkServlet.java:631) ~[spring-webmvc-3.1.3.RELEASE.jar:3.1.3.RELEASE]
	at org.springframework.web.servlet.FrameworkServlet.createWebApplicationContext(FrameworkServlet.java:588) ~[spring-webmvc-3.1.3.RELEASE.jar:3.1.3.RELEASE]
	at org.springframework.web.servlet.FrameworkServlet.createWebApplicationContext(FrameworkServlet.java:645) ~[spring-webmvc-3.1.3.RELEASE.jar:3.1.3.RELEASE]
	at org.springframework.web.servlet.FrameworkServlet.initWebApplicationContext(FrameworkServlet.java:508) ~[spring-webmvc-3.1.3.RELEASE.jar:3.1.3.RELEASE]
	at org.springframework.web.servlet.FrameworkServlet.initServletBean(FrameworkServlet.java:449) ~[spring-webmvc-3.1.3.RELEASE.jar:3.1.3.RELEASE]
	at org.springframework.web.servlet.HttpServletBean.init(HttpServletBean.java:133) [spring-webmvc-3.1.3.RELEASE.jar:3.1.3.RELEASE]
	at javax.servlet.GenericServlet.init(GenericServlet.java:242) [servlet-api-3.0.20100224.jar:na]
	at org.eclipse.jetty.servlet.ServletHolder.initServlet(ServletHolder.java:492) [jetty-servlet-8.1.0.v20120127.jar:8.1.0.v20120127]
	at org.eclipse.jetty.servlet.ServletHolder.doStart(ServletHolder.java:312) [jetty-servlet-8.1.0.v20120127.jar:8.1.0.v20120127]
	at org.eclipse.jetty.util.component.AbstractLifeCycle.start(AbstractLifeCycle.java:59) [jetty-util-8.1.0.v20120127.jar:8.1.0.v20120127]
	at org.eclipse.jetty.servlet.ServletHandler.initialize(ServletHandler.java:776) [jetty-servlet-8.1.0.v20120127.jar:8.1.0.v20120127]
	at org.eclipse.jetty.servlet.ServletContextHandler.startContext(ServletContextHandler.java:258) [jetty-servlet-8.1.0.v20120127.jar:8.1.0.v20120127]
	at org.eclipse.jetty.webapp.WebAppContext.startContext(WebAppContext.java:1213) [jetty-webapp-8.1.0.v20120127.jar:8.1.0.v20120127]
	at org.eclipse.jetty.server.handler.ContextHandler.doStart(ContextHandler.java:699) [jetty-server-8.1.0.v20120127.jar:8.1.0.v20120127]
	at org.eclipse.jetty.webapp.WebAppContext.doStart(WebAppContext.java:454) [jetty-webapp-8.1.0.v20120127.jar:8.1.0.v20120127]
	at org.mortbay.jetty.plugin.JettyWebAppContext.doStart(JettyWebAppContext.java:256) [jetty-maven-plugin-8.1.0.v20120127.jar:8.1.0.v20120127]
	at org.eclipse.jetty.util.component.AbstractLifeCycle.start(AbstractLifeCycle.java:59) [jetty-util-8.1.0.v20120127.jar:8.1.0.v20120127]
	at org.eclipse.jetty.server.handler.HandlerCollection.doStart(HandlerCollection.java:224) [jetty-server-8.1.0.v20120127.jar:8.1.0.v20120127]
	at org.eclipse.jetty.server.handler.ContextHandlerCollection.doStart(ContextHandlerCollection.java:167) [jetty-server-8.1.0.v20120127.jar:8.1.0.v20120127]
	at org.eclipse.jetty.util.component.AbstractLifeCycle.start(AbstractLifeCycle.java:59) [jetty-util-8.1.0.v20120127.jar:8.1.0.v20120127]
	at org.eclipse.jetty.server.handler.HandlerCollection.doStart(HandlerCollection.java:224) [jetty-server-8.1.0.v20120127.jar:8.1.0.v20120127]
	at org.eclipse.jetty.util.component.AbstractLifeCycle.start(AbstractLifeCycle.java:59) [jetty-util-8.1.0.v20120127.jar:8.1.0.v20120127]
	at org.eclipse.jetty.server.handler.HandlerWrapper.doStart(HandlerWrapper.java:90) [jetty-server-8.1.0.v20120127.jar:8.1.0.v20120127]
	at org.eclipse.jetty.server.Server.doStart(Server.java:263) [jetty-server-8.1.0.v20120127.jar:8.1.0.v20120127]
	at org.mortbay.jetty.plugin.JettyServer.doStart(JettyServer.java:65) [jetty-maven-plugin-8.1.0.v20120127.jar:8.1.0.v20120127]
	at org.eclipse.jetty.util.component.AbstractLifeCycle.start(AbstractLifeCycle.java:59) [jetty-util-8.1.0.v20120127.jar:8.1.0.v20120127]
	at org.mortbay.jetty.plugin.AbstractJettyMojo.startJetty(AbstractJettyMojo.java:511) [jetty-maven-plugin-8.1.0.v20120127.jar:8.1.0.v20120127]
	at org.mortbay.jetty.plugin.AbstractJettyMojo.execute(AbstractJettyMojo.java:364) [jetty-maven-plugin-8.1.0.v20120127.jar:8.1.0.v20120127]
	at org.mortbay.jetty.plugin.JettyRunMojo.execute(JettyRunMojo.java:514) [jetty-maven-plugin-8.1.0.v20120127.jar:8.1.0.v20120127]
	at org.apache.maven.plugin.DefaultBuildPluginManager.executeMojo(DefaultBuildPluginManager.java:133) [maven-core-3.2.1.jar:3.2.1]
	at org.apache.maven.lifecycle.internal.MojoExecutor.execute(MojoExecutor.java:208) [maven-core-3.2.1.jar:3.2.1]
	at org.apache.maven.lifecycle.internal.MojoExecutor.execute(MojoExecutor.java:153) [maven-core-3.2.1.jar:3.2.1]
	at org.apache.maven.lifecycle.internal.MojoExecutor.execute(MojoExecutor.java:145) [maven-core-3.2.1.jar:3.2.1]
	at org.apache.maven.lifecycle.internal.LifecycleModuleBuilder.buildProject(LifecycleModuleBuilder.java:108) [maven-core-3.2.1.jar:3.2.1]
	at org.apache.maven.lifecycle.internal.LifecycleModuleBuilder.buildProject(LifecycleModuleBuilder.java:76) [maven-core-3.2.1.jar:3.2.1]
	at org.apache.maven.lifecycle.internal.builder.singlethreaded.SingleThreadedBuilder.build(SingleThreadedBuilder.java:51) [maven-core-3.2.1.jar:3.2.1]
	at org.apache.maven.lifecycle.internal.LifecycleStarter.execute(LifecycleStarter.java:116) [maven-core-3.2.1.jar:3.2.1]
	at org.apache.maven.DefaultMaven.doExecute(DefaultMaven.java:361) [maven-core-3.2.1.jar:3.2.1]
	at org.apache.maven.DefaultMaven.execute(DefaultMaven.java:155) [maven-core-3.2.1.jar:3.2.1]
	at org.apache.maven.cli.MavenCli.execute(MavenCli.java:584) [maven-embedder-3.2.1.jar:3.2.1]
	at org.apache.maven.cli.MavenCli.doMain(MavenCli.java:213) [maven-embedder-3.2.1.jar:3.2.1]
	at org.apache.maven.cli.MavenCli.main(MavenCli.java:157) [maven-embedder-3.2.1.jar:3.2.1]
	at sun.reflect.NativeMethodAccessorImpl.invoke0(Native Method) ~[na:1.8.0_05]
	at sun.reflect.NativeMethodAccessorImpl.invoke(NativeMethodAccessorImpl.java:62) ~[na:1.8.0_05]
	at sun.reflect.DelegatingMethodAccessorImpl.invoke(DelegatingMethodAccessorImpl.java:43) ~[na:1.8.0_05]
	at java.lang.reflect.Method.invoke(Method.java:483) ~[na:1.8.0_05]
	at org.codehaus.plexus.classworlds.launcher.Launcher.launchEnhanced(Launcher.java:289) [plexus-classworlds-2.5.1.jar:na]
	at org.codehaus.plexus.classworlds.launcher.Launcher.launch(Launcher.java:229) [plexus-classworlds-2.5.1.jar:na]
	at org.codehaus.plexus.classworlds.launcher.Launcher.mainWithExitCode(Launcher.java:415) [plexus-classworlds-2.5.1.jar:na]
	at org.codehaus.plexus.classworlds.launcher.Launcher.main(Launcher.java:356) [plexus-classworlds-2.5.1.jar:na]
Caused by: org.springframework.beans.TypeMismatchException: Failed to convert property value of type 'java.lang.String' to required type 'java.lang.Class' for property 'annotationClass'; nested exception is java.lang.IllegalArgumentException: Cannot find class [cn.com.conversant.mediacorpugc.annotation.DataAccessRepository]
	at org.springframework.beans.BeanWrapperImpl.convertIfNecessary(BeanWrapperImpl.java:490) ~[spring-beans-3.1.3.RELEASE.jar:3.1.3.RELEASE]
	at org.springframework.beans.BeanWrapperImpl.convertForProperty(BeanWrapperImpl.java:516) ~[spring-beans-3.1.3.RELEASE.jar:3.1.3.RELEASE]
	at org.springframework.beans.BeanWrapperImpl.convertForProperty(BeanWrapperImpl.java:510) ~[spring-beans-3.1.3.RELEASE.jar:3.1.3.RELEASE]
	at org.springframework.beans.factory.support.AbstractAutowireCapableBeanFactory.convertForProperty(AbstractAutowireCapableBeanFactory.java:1406) ~[spring-beans-3.1.3.RELEASE.jar:3.1.3.RELEASE]
	at org.springframework.beans.factory.support.AbstractAutowireCapableBeanFactory.applyPropertyValues(AbstractAutowireCapableBeanFactory.java:1365) ~[spring-beans-3.1.3.RELEASE.jar:3.1.3.RELEASE]
	at org.springframework.beans.factory.support.AbstractAutowireCapableBeanFactory.populateBean(AbstractAutowireCapableBeanFactory.java:1118) ~[spring-beans-3.1.3.RELEASE.jar:3.1.3.RELEASE]
	at org.springframework.beans.factory.support.AbstractAutowireCapableBeanFactory.doCreateBean(AbstractAutowireCapableBeanFactory.java:517) ~[spring-beans-3.1.3.RELEASE.jar:3.1.3.RELEASE]
	... 58 common frames omitted
Caused by: java.lang.IllegalArgumentException: Cannot find class [cn.com.conversant.mediacorpugc.annotation.DataAccessRepository]
	at org.springframework.util.ClassUtils.resolveClassName(ClassUtils.java:294) ~[spring-core-3.1.3.RELEASE.jar:3.1.3.RELEASE]
	at org.springframework.beans.propertyeditors.ClassEditor.setAsText(ClassEditor.java:63) ~[spring-beans-3.1.3.RELEASE.jar:3.1.3.RELEASE]
	at org.springframework.beans.TypeConverterDelegate.doConvertTextValue(TypeConverterDelegate.java:435) ~[spring-beans-3.1.3.RELEASE.jar:3.1.3.RELEASE]
	at org.springframework.beans.TypeConverterDelegate.doConvertValue(TypeConverterDelegate.java:407) ~[spring-beans-3.1.3.RELEASE.jar:3.1.3.RELEASE]
	at org.springframework.beans.TypeConverterDelegate.convertIfNecessary(TypeConverterDelegate.java:164) ~[spring-beans-3.1.3.RELEASE.jar:3.1.3.RELEASE]
	at org.springframework.beans.BeanWrapperImpl.convertIfNecessary(BeanWrapperImpl.java:470) ~[spring-beans-3.1.3.RELEASE.jar:3.1.3.RELEASE]
	... 64 common frames omitted
Caused by: java.lang.ClassNotFoundException: cn.com.conversant.mediacorpugc.annotation.DataAccessRepository
	at org.codehaus.plexus.classworlds.strategy.SelfFirstStrategy.loadClass(SelfFirstStrategy.java:50) ~[na:na]
	at org.codehaus.plexus.classworlds.realm.ClassRealm.unsynchronizedLoadClass(ClassRealm.java:259) ~[na:na]
	at org.codehaus.plexus.classworlds.realm.ClassRealm.loadClass(ClassRealm.java:235) ~[na:na]
	at org.codehaus.plexus.classworlds.realm.ClassRealm.loadClass(ClassRealm.java:227) ~[na:na]
	at org.eclipse.jetty.webapp.WebAppClassLoader.loadClass(WebAppClassLoader.java:424) ~[na:na]
	at org.eclipse.jetty.webapp.WebAppClassLoader.loadClass(WebAppClassLoader.java:377) ~[na:na]
	at org.springframework.util.ClassUtils.forName(ClassUtils.java:258) ~[spring-core-3.1.3.RELEASE.jar:3.1.3.RELEASE]
	at org.springframework.util.ClassUtils.resolveClassName(ClassUtils.java:291) ~[spring-core-3.1.3.RELEASE.jar:3.1.3.RELEASE]
	... 69 common frames omitted
2015-06-09 10:03:53,561 [main] ERROR [org.springframework.web.servlet.DispatcherServlet] - Context initialization failed
org.springframework.beans.factory.CannotLoadBeanClassException: Cannot find class [cn.com.conversant.mediacorpugc.utils.ConfigurationProperties] for bean with name 'cn.com.conversant.mediacorpugc.utils.ConfigurationProperties#0' defined in URL [file:/E:/program/workplace/authentication/target/classes/applicationContext.xml]; nested exception is java.lang.ClassNotFoundException: cn.com.conversant.mediacorpugc.utils.ConfigurationProperties
	at org.springframework.beans.factory.support.AbstractBeanFactory.resolveBeanClass(AbstractBeanFactory.java:1262) ~[spring-beans-3.1.3.RELEASE.jar:3.1.3.RELEASE]
	at org.springframework.beans.factory.support.AbstractAutowireCapableBeanFactory.predictBeanType(AbstractAutowireCapableBeanFactory.java:576) ~[spring-beans-3.1.3.RELEASE.jar:3.1.3.RELEASE]
	at org.springframework.beans.factory.support.AbstractBeanFactory.isFactoryBean(AbstractBeanFactory.java:1331) ~[spring-beans-3.1.3.RELEASE.jar:3.1.3.RELEASE]
	at org.springframework.beans.factory.support.AbstractBeanFactory.isFactoryBean(AbstractBeanFactory.java:897) ~[spring-beans-3.1.3.RELEASE.jar:3.1.3.RELEASE]
	at org.springframework.beans.factory.support.DefaultListableBeanFactory.preInstantiateSingletons(DefaultListableBeanFactory.java:586) ~[spring-beans-3.1.3.RELEASE.jar:3.1.3.RELEASE]
	at org.springframework.context.support.AbstractApplicationContext.finishBeanFactoryInitialization(AbstractApplicationContext.java:925) ~[spring-context-3.1.3.RELEASE.jar:3.1.3.RELEASE]
	at org.springframework.context.support.AbstractApplicationContext.refresh(AbstractApplicationContext.java:472) ~[spring-context-3.1.3.RELEASE.jar:3.1.3.RELEASE]
	at org.springframework.web.servlet.FrameworkServlet.configureAndRefreshWebApplicationContext(FrameworkServlet.java:631) ~[spring-webmvc-3.1.3.RELEASE.jar:3.1.3.RELEASE]
	at org.springframework.web.servlet.FrameworkServlet.createWebApplicationContext(FrameworkServlet.java:588) ~[spring-webmvc-3.1.3.RELEASE.jar:3.1.3.RELEASE]
	at org.springframework.web.servlet.FrameworkServlet.createWebApplicationContext(FrameworkServlet.java:645) ~[spring-webmvc-3.1.3.RELEASE.jar:3.1.3.RELEASE]
	at org.springframework.web.servlet.FrameworkServlet.initWebApplicationContext(FrameworkServlet.java:508) ~[spring-webmvc-3.1.3.RELEASE.jar:3.1.3.RELEASE]
	at org.springframework.web.servlet.FrameworkServlet.initServletBean(FrameworkServlet.java:449) ~[spring-webmvc-3.1.3.RELEASE.jar:3.1.3.RELEASE]
	at org.springframework.web.servlet.HttpServletBean.init(HttpServletBean.java:133) [spring-webmvc-3.1.3.RELEASE.jar:3.1.3.RELEASE]
	at javax.servlet.GenericServlet.init(GenericServlet.java:242) [servlet-api-3.0.20100224.jar:na]
	at org.eclipse.jetty.servlet.ServletHolder.initServlet(ServletHolder.java:492) [jetty-servlet-8.1.0.v20120127.jar:8.1.0.v20120127]
	at org.eclipse.jetty.servlet.ServletHolder.doStart(ServletHolder.java:312) [jetty-servlet-8.1.0.v20120127.jar:8.1.0.v20120127]
	at org.eclipse.jetty.util.component.AbstractLifeCycle.start(AbstractLifeCycle.java:59) [jetty-util-8.1.0.v20120127.jar:8.1.0.v20120127]
	at org.eclipse.jetty.servlet.ServletHandler.initialize(ServletHandler.java:776) [jetty-servlet-8.1.0.v20120127.jar:8.1.0.v20120127]
	at org.eclipse.jetty.servlet.ServletContextHandler.startContext(ServletContextHandler.java:258) [jetty-servlet-8.1.0.v20120127.jar:8.1.0.v20120127]
	at org.eclipse.jetty.webapp.WebAppContext.startContext(WebAppContext.java:1213) [jetty-webapp-8.1.0.v20120127.jar:8.1.0.v20120127]
	at org.eclipse.jetty.server.handler.ContextHandler.doStart(ContextHandler.java:699) [jetty-server-8.1.0.v20120127.jar:8.1.0.v20120127]
	at org.eclipse.jetty.webapp.WebAppContext.doStart(WebAppContext.java:454) [jetty-webapp-8.1.0.v20120127.jar:8.1.0.v20120127]
	at org.mortbay.jetty.plugin.JettyWebAppContext.doStart(JettyWebAppContext.java:256) [jetty-maven-plugin-8.1.0.v20120127.jar:8.1.0.v20120127]
	at org.eclipse.jetty.util.component.AbstractLifeCycle.start(AbstractLifeCycle.java:59) [jetty-util-8.1.0.v20120127.jar:8.1.0.v20120127]
	at org.eclipse.jetty.server.handler.HandlerCollection.doStart(HandlerCollection.java:224) [jetty-server-8.1.0.v20120127.jar:8.1.0.v20120127]
	at org.eclipse.jetty.server.handler.ContextHandlerCollection.doStart(ContextHandlerCollection.java:167) [jetty-server-8.1.0.v20120127.jar:8.1.0.v20120127]
	at org.eclipse.jetty.util.component.AbstractLifeCycle.start(AbstractLifeCycle.java:59) [jetty-util-8.1.0.v20120127.jar:8.1.0.v20120127]
	at org.eclipse.jetty.server.handler.HandlerCollection.doStart(HandlerCollection.java:224) [jetty-server-8.1.0.v20120127.jar:8.1.0.v20120127]
	at org.eclipse.jetty.util.component.AbstractLifeCycle.start(AbstractLifeCycle.java:59) [jetty-util-8.1.0.v20120127.jar:8.1.0.v20120127]
	at org.eclipse.jetty.server.handler.HandlerWrapper.doStart(HandlerWrapper.java:90) [jetty-server-8.1.0.v20120127.jar:8.1.0.v20120127]
	at org.eclipse.jetty.server.Server.doStart(Server.java:263) [jetty-server-8.1.0.v20120127.jar:8.1.0.v20120127]
	at org.mortbay.jetty.plugin.JettyServer.doStart(JettyServer.java:65) [jetty-maven-plugin-8.1.0.v20120127.jar:8.1.0.v20120127]
	at org.eclipse.jetty.util.component.AbstractLifeCycle.start(AbstractLifeCycle.java:59) [jetty-util-8.1.0.v20120127.jar:8.1.0.v20120127]
	at org.mortbay.jetty.plugin.AbstractJettyMojo.startJetty(AbstractJettyMojo.java:511) [jetty-maven-plugin-8.1.0.v20120127.jar:8.1.0.v20120127]
	at org.mortbay.jetty.plugin.AbstractJettyMojo.execute(AbstractJettyMojo.java:364) [jetty-maven-plugin-8.1.0.v20120127.jar:8.1.0.v20120127]
	at org.mortbay.jetty.plugin.JettyRunMojo.execute(JettyRunMojo.java:514) [jetty-maven-plugin-8.1.0.v20120127.jar:8.1.0.v20120127]
	at org.apache.maven.plugin.DefaultBuildPluginManager.executeMojo(DefaultBuildPluginManager.java:133) [maven-core-3.2.1.jar:3.2.1]
	at org.apache.maven.lifecycle.internal.MojoExecutor.execute(MojoExecutor.java:208) [maven-core-3.2.1.jar:3.2.1]
	at org.apache.maven.lifecycle.internal.MojoExecutor.execute(MojoExecutor.java:153) [maven-core-3.2.1.jar:3.2.1]
	at org.apache.maven.lifecycle.internal.MojoExecutor.execute(MojoExecutor.java:145) [maven-core-3.2.1.jar:3.2.1]
	at org.apache.maven.lifecycle.internal.LifecycleModuleBuilder.buildProject(LifecycleModuleBuilder.java:108) [maven-core-3.2.1.jar:3.2.1]
	at org.apache.maven.lifecycle.internal.LifecycleModuleBuilder.buildProject(LifecycleModuleBuilder.java:76) [maven-core-3.2.1.jar:3.2.1]
	at org.apache.maven.lifecycle.internal.builder.singlethreaded.SingleThreadedBuilder.build(SingleThreadedBuilder.java:51) [maven-core-3.2.1.jar:3.2.1]
	at org.apache.maven.lifecycle.internal.LifecycleStarter.execute(LifecycleStarter.java:116) [maven-core-3.2.1.jar:3.2.1]
	at org.apache.maven.DefaultMaven.doExecute(DefaultMaven.java:361) [maven-core-3.2.1.jar:3.2.1]
	at org.apache.maven.DefaultMaven.execute(DefaultMaven.java:155) [maven-core-3.2.1.jar:3.2.1]
	at org.apache.maven.cli.MavenCli.execute(MavenCli.java:584) [maven-embedder-3.2.1.jar:3.2.1]
	at org.apache.maven.cli.MavenCli.doMain(MavenCli.java:213) [maven-embedder-3.2.1.jar:3.2.1]
	at org.apache.maven.cli.MavenCli.main(MavenCli.java:157) [maven-embedder-3.2.1.jar:3.2.1]
	at sun.reflect.NativeMethodAccessorImpl.invoke0(Native Method) ~[na:1.8.0_05]
	at sun.reflect.NativeMethodAccessorImpl.invoke(NativeMethodAccessorImpl.java:62) ~[na:1.8.0_05]
	at sun.reflect.DelegatingMethodAccessorImpl.invoke(DelegatingMethodAccessorImpl.java:43) ~[na:1.8.0_05]
	at java.lang.reflect.Method.invoke(Method.java:483) ~[na:1.8.0_05]
	at org.codehaus.plexus.classworlds.launcher.Launcher.launchEnhanced(Launcher.java:289) [plexus-classworlds-2.5.1.jar:na]
	at org.codehaus.plexus.classworlds.launcher.Launcher.launch(Launcher.java:229) [plexus-classworlds-2.5.1.jar:na]
	at org.codehaus.plexus.classworlds.launcher.Launcher.mainWithExitCode(Launcher.java:415) [plexus-classworlds-2.5.1.jar:na]
	at org.codehaus.plexus.classworlds.launcher.Launcher.main(Launcher.java:356) [plexus-classworlds-2.5.1.jar:na]
Caused by: java.lang.ClassNotFoundException: cn.com.conversant.mediacorpugc.utils.ConfigurationProperties
	at org.codehaus.plexus.classworlds.strategy.SelfFirstStrategy.loadClass(SelfFirstStrategy.java:50) ~[na:na]
	at org.codehaus.plexus.classworlds.realm.ClassRealm.unsynchronizedLoadClass(ClassRealm.java:259) ~[na:na]
	at org.codehaus.plexus.classworlds.realm.ClassRealm.loadClass(ClassRealm.java:235) ~[na:na]
	at org.codehaus.plexus.classworlds.realm.ClassRealm.loadClass(ClassRealm.java:227) ~[na:na]
	at org.eclipse.jetty.webapp.WebAppClassLoader.loadClass(WebAppClassLoader.java:424) ~[na:na]
	at org.eclipse.jetty.webapp.WebAppClassLoader.loadClass(WebAppClassLoader.java:377) ~[na:na]
	at org.springframework.util.ClassUtils.forName(ClassUtils.java:258) ~[spring-core-3.1.3.RELEASE.jar:3.1.3.RELEASE]
	at org.springframework.beans.factory.support.AbstractBeanDefinition.resolveBeanClass(AbstractBeanDefinition.java:417) ~[spring-beans-3.1.3.RELEASE.jar:3.1.3.RELEASE]
	at org.springframework.beans.factory.support.AbstractBeanFactory.doResolveBeanClass(AbstractBeanFactory.java:1283) ~[spring-beans-3.1.3.RELEASE.jar:3.1.3.RELEASE]
	at org.springframework.beans.factory.support.AbstractBeanFactory.resolveBeanClass(AbstractBeanFactory.java:1254) ~[spring-beans-3.1.3.RELEASE.jar:3.1.3.RELEASE]
	... 56 common frames omitted
2015-06-09 10:04:40,850 [main] ERROR [org.springframework.web.servlet.DispatcherServlet] - Context initialization failed
org.springframework.beans.factory.BeanCreationException: Error creating bean with name 'sqlSessionFactory' defined in URL [file:/E:/program/workplace/authentication/target/classes/applicationContext.xml]: Initialization of bean failed; nested exception is org.springframework.beans.TypeMismatchException: Failed to convert property value of type 'java.lang.String' to required type 'org.springframework.core.io.Resource[]' for property 'mapperLocations'; nested exception is java.lang.IllegalArgumentException: Could not resolve resource location pattern [classpath:/mapper/*.xml]: class path resource [mapper/] cannot be resolved to URL because it does not exist
	at org.springframework.beans.factory.support.AbstractAutowireCapableBeanFactory.doCreateBean(AbstractAutowireCapableBeanFactory.java:527) ~[spring-beans-3.1.3.RELEASE.jar:3.1.3.RELEASE]
	at org.springframework.beans.factory.support.AbstractAutowireCapableBeanFactory.createBean(AbstractAutowireCapableBeanFactory.java:456) ~[spring-beans-3.1.3.RELEASE.jar:3.1.3.RELEASE]
	at org.springframework.beans.factory.support.AbstractBeanFactory$1.getObject(AbstractBeanFactory.java:294) ~[spring-beans-3.1.3.RELEASE.jar:3.1.3.RELEASE]
	at org.springframework.beans.factory.support.DefaultSingletonBeanRegistry.getSingleton(DefaultSingletonBeanRegistry.java:225) ~[spring-beans-3.1.3.RELEASE.jar:3.1.3.RELEASE]
	at org.springframework.beans.factory.support.AbstractBeanFactory.doGetBean(AbstractBeanFactory.java:291) ~[spring-beans-3.1.3.RELEASE.jar:3.1.3.RELEASE]
	at org.springframework.beans.factory.support.AbstractBeanFactory.getBean(AbstractBeanFactory.java:193) ~[spring-beans-3.1.3.RELEASE.jar:3.1.3.RELEASE]
	at org.springframework.beans.factory.support.DefaultListableBeanFactory.preInstantiateSingletons(DefaultListableBeanFactory.java:587) ~[spring-beans-3.1.3.RELEASE.jar:3.1.3.RELEASE]
	at org.springframework.context.support.AbstractApplicationContext.finishBeanFactoryInitialization(AbstractApplicationContext.java:925) ~[spring-context-3.1.3.RELEASE.jar:3.1.3.RELEASE]
	at org.springframework.context.support.AbstractApplicationContext.refresh(AbstractApplicationContext.java:472) ~[spring-context-3.1.3.RELEASE.jar:3.1.3.RELEASE]
	at org.springframework.web.servlet.FrameworkServlet.configureAndRefreshWebApplicationContext(FrameworkServlet.java:631) ~[spring-webmvc-3.1.3.RELEASE.jar:3.1.3.RELEASE]
	at org.springframework.web.servlet.FrameworkServlet.createWebApplicationContext(FrameworkServlet.java:588) ~[spring-webmvc-3.1.3.RELEASE.jar:3.1.3.RELEASE]
	at org.springframework.web.servlet.FrameworkServlet.createWebApplicationContext(FrameworkServlet.java:645) ~[spring-webmvc-3.1.3.RELEASE.jar:3.1.3.RELEASE]
	at org.springframework.web.servlet.FrameworkServlet.initWebApplicationContext(FrameworkServlet.java:508) ~[spring-webmvc-3.1.3.RELEASE.jar:3.1.3.RELEASE]
	at org.springframework.web.servlet.FrameworkServlet.initServletBean(FrameworkServlet.java:449) ~[spring-webmvc-3.1.3.RELEASE.jar:3.1.3.RELEASE]
	at org.springframework.web.servlet.HttpServletBean.init(HttpServletBean.java:133) [spring-webmvc-3.1.3.RELEASE.jar:3.1.3.RELEASE]
	at javax.servlet.GenericServlet.init(GenericServlet.java:242) [servlet-api-3.0.20100224.jar:na]
	at org.eclipse.jetty.servlet.ServletHolder.initServlet(ServletHolder.java:492) [jetty-servlet-8.1.0.v20120127.jar:8.1.0.v20120127]
	at org.eclipse.jetty.servlet.ServletHolder.doStart(ServletHolder.java:312) [jetty-servlet-8.1.0.v20120127.jar:8.1.0.v20120127]
	at org.eclipse.jetty.util.component.AbstractLifeCycle.start(AbstractLifeCycle.java:59) [jetty-util-8.1.0.v20120127.jar:8.1.0.v20120127]
	at org.eclipse.jetty.servlet.ServletHandler.initialize(ServletHandler.java:776) [jetty-servlet-8.1.0.v20120127.jar:8.1.0.v20120127]
	at org.eclipse.jetty.servlet.ServletContextHandler.startContext(ServletContextHandler.java:258) [jetty-servlet-8.1.0.v20120127.jar:8.1.0.v20120127]
	at org.eclipse.jetty.webapp.WebAppContext.startContext(WebAppContext.java:1213) [jetty-webapp-8.1.0.v20120127.jar:8.1.0.v20120127]
	at org.eclipse.jetty.server.handler.ContextHandler.doStart(ContextHandler.java:699) [jetty-server-8.1.0.v20120127.jar:8.1.0.v20120127]
	at org.eclipse.jetty.webapp.WebAppContext.doStart(WebAppContext.java:454) [jetty-webapp-8.1.0.v20120127.jar:8.1.0.v20120127]
	at org.mortbay.jetty.plugin.JettyWebAppContext.doStart(JettyWebAppContext.java:256) [jetty-maven-plugin-8.1.0.v20120127.jar:8.1.0.v20120127]
	at org.eclipse.jetty.util.component.AbstractLifeCycle.start(AbstractLifeCycle.java:59) [jetty-util-8.1.0.v20120127.jar:8.1.0.v20120127]
	at org.eclipse.jetty.server.handler.HandlerCollection.doStart(HandlerCollection.java:224) [jetty-server-8.1.0.v20120127.jar:8.1.0.v20120127]
	at org.eclipse.jetty.server.handler.ContextHandlerCollection.doStart(ContextHandlerCollection.java:167) [jetty-server-8.1.0.v20120127.jar:8.1.0.v20120127]
	at org.eclipse.jetty.util.component.AbstractLifeCycle.start(AbstractLifeCycle.java:59) [jetty-util-8.1.0.v20120127.jar:8.1.0.v20120127]
	at org.eclipse.jetty.server.handler.HandlerCollection.doStart(HandlerCollection.java:224) [jetty-server-8.1.0.v20120127.jar:8.1.0.v20120127]
	at org.eclipse.jetty.util.component.AbstractLifeCycle.start(AbstractLifeCycle.java:59) [jetty-util-8.1.0.v20120127.jar:8.1.0.v20120127]
	at org.eclipse.jetty.server.handler.HandlerWrapper.doStart(HandlerWrapper.java:90) [jetty-server-8.1.0.v20120127.jar:8.1.0.v20120127]
	at org.eclipse.jetty.server.Server.doStart(Server.java:263) [jetty-server-8.1.0.v20120127.jar:8.1.0.v20120127]
	at org.mortbay.jetty.plugin.JettyServer.doStart(JettyServer.java:65) [jetty-maven-plugin-8.1.0.v20120127.jar:8.1.0.v20120127]
	at org.eclipse.jetty.util.component.AbstractLifeCycle.start(AbstractLifeCycle.java:59) [jetty-util-8.1.0.v20120127.jar:8.1.0.v20120127]
	at org.mortbay.jetty.plugin.AbstractJettyMojo.startJetty(AbstractJettyMojo.java:511) [jetty-maven-plugin-8.1.0.v20120127.jar:8.1.0.v20120127]
	at org.mortbay.jetty.plugin.AbstractJettyMojo.execute(AbstractJettyMojo.java:364) [jetty-maven-plugin-8.1.0.v20120127.jar:8.1.0.v20120127]
	at org.mortbay.jetty.plugin.JettyRunMojo.execute(JettyRunMojo.java:514) [jetty-maven-plugin-8.1.0.v20120127.jar:8.1.0.v20120127]
	at org.apache.maven.plugin.DefaultBuildPluginManager.executeMojo(DefaultBuildPluginManager.java:133) [maven-core-3.2.1.jar:3.2.1]
	at org.apache.maven.lifecycle.internal.MojoExecutor.execute(MojoExecutor.java:208) [maven-core-3.2.1.jar:3.2.1]
	at org.apache.maven.lifecycle.internal.MojoExecutor.execute(MojoExecutor.java:153) [maven-core-3.2.1.jar:3.2.1]
	at org.apache.maven.lifecycle.internal.MojoExecutor.execute(MojoExecutor.java:145) [maven-core-3.2.1.jar:3.2.1]
	at org.apache.maven.lifecycle.internal.LifecycleModuleBuilder.buildProject(LifecycleModuleBuilder.java:108) [maven-core-3.2.1.jar:3.2.1]
	at org.apache.maven.lifecycle.internal.LifecycleModuleBuilder.buildProject(LifecycleModuleBuilder.java:76) [maven-core-3.2.1.jar:3.2.1]
	at org.apache.maven.lifecycle.internal.builder.singlethreaded.SingleThreadedBuilder.build(SingleThreadedBuilder.java:51) [maven-core-3.2.1.jar:3.2.1]
	at org.apache.maven.lifecycle.internal.LifecycleStarter.execute(LifecycleStarter.java:116) [maven-core-3.2.1.jar:3.2.1]
	at org.apache.maven.DefaultMaven.doExecute(DefaultMaven.java:361) [maven-core-3.2.1.jar:3.2.1]
	at org.apache.maven.DefaultMaven.execute(DefaultMaven.java:155) [maven-core-3.2.1.jar:3.2.1]
	at org.apache.maven.cli.MavenCli.execute(MavenCli.java:584) [maven-embedder-3.2.1.jar:3.2.1]
	at org.apache.maven.cli.MavenCli.doMain(MavenCli.java:213) [maven-embedder-3.2.1.jar:3.2.1]
	at org.apache.maven.cli.MavenCli.main(MavenCli.java:157) [maven-embedder-3.2.1.jar:3.2.1]
	at sun.reflect.NativeMethodAccessorImpl.invoke0(Native Method) ~[na:1.8.0_05]
	at sun.reflect.NativeMethodAccessorImpl.invoke(NativeMethodAccessorImpl.java:62) ~[na:1.8.0_05]
	at sun.reflect.DelegatingMethodAccessorImpl.invoke(DelegatingMethodAccessorImpl.java:43) ~[na:1.8.0_05]
	at java.lang.reflect.Method.invoke(Method.java:483) ~[na:1.8.0_05]
	at org.codehaus.plexus.classworlds.launcher.Launcher.launchEnhanced(Launcher.java:289) [plexus-classworlds-2.5.1.jar:na]
	at org.codehaus.plexus.classworlds.launcher.Launcher.launch(Launcher.java:229) [plexus-classworlds-2.5.1.jar:na]
	at org.codehaus.plexus.classworlds.launcher.Launcher.mainWithExitCode(Launcher.java:415) [plexus-classworlds-2.5.1.jar:na]
	at org.codehaus.plexus.classworlds.launcher.Launcher.main(Launcher.java:356) [plexus-classworlds-2.5.1.jar:na]
Caused by: org.springframework.beans.TypeMismatchException: Failed to convert property value of type 'java.lang.String' to required type 'org.springframework.core.io.Resource[]' for property 'mapperLocations'; nested exception is java.lang.IllegalArgumentException: Could not resolve resource location pattern [classpath:/mapper/*.xml]: class path resource [mapper/] cannot be resolved to URL because it does not exist
	at org.springframework.beans.BeanWrapperImpl.convertIfNecessary(BeanWrapperImpl.java:490) ~[spring-beans-3.1.3.RELEASE.jar:3.1.3.RELEASE]
	at org.springframework.beans.BeanWrapperImpl.convertForProperty(BeanWrapperImpl.java:516) ~[spring-beans-3.1.3.RELEASE.jar:3.1.3.RELEASE]
	at org.springframework.beans.BeanWrapperImpl.convertForProperty(BeanWrapperImpl.java:510) ~[spring-beans-3.1.3.RELEASE.jar:3.1.3.RELEASE]
	at org.springframework.beans.factory.support.AbstractAutowireCapableBeanFactory.convertForProperty(AbstractAutowireCapableBeanFactory.java:1406) ~[spring-beans-3.1.3.RELEASE.jar:3.1.3.RELEASE]
	at org.springframework.beans.factory.support.AbstractAutowireCapableBeanFactory.applyPropertyValues(AbstractAutowireCapableBeanFactory.java:1365) ~[spring-beans-3.1.3.RELEASE.jar:3.1.3.RELEASE]
	at org.springframework.beans.factory.support.AbstractAutowireCapableBeanFactory.populateBean(AbstractAutowireCapableBeanFactory.java:1118) ~[spring-beans-3.1.3.RELEASE.jar:3.1.3.RELEASE]
	at org.springframework.beans.factory.support.AbstractAutowireCapableBeanFactory.doCreateBean(AbstractAutowireCapableBeanFactory.java:517) ~[spring-beans-3.1.3.RELEASE.jar:3.1.3.RELEASE]
	... 58 common frames omitted
Caused by: java.lang.IllegalArgumentException: Could not resolve resource location pattern [classpath:/mapper/*.xml]: class path resource [mapper/] cannot be resolved to URL because it does not exist
	at org.springframework.core.io.support.ResourceArrayPropertyEditor.setAsText(ResourceArrayPropertyEditor.java:135) ~[spring-core-3.1.3.RELEASE.jar:3.1.3.RELEASE]
	at org.springframework.beans.TypeConverterDelegate.doConvertTextValue(TypeConverterDelegate.java:435) ~[spring-beans-3.1.3.RELEASE.jar:3.1.3.RELEASE]
	at org.springframework.beans.TypeConverterDelegate.doConvertValue(TypeConverterDelegate.java:407) ~[spring-beans-3.1.3.RELEASE.jar:3.1.3.RELEASE]
	at org.springframework.beans.TypeConverterDelegate.convertIfNecessary(TypeConverterDelegate.java:164) ~[spring-beans-3.1.3.RELEASE.jar:3.1.3.RELEASE]
	at org.springframework.beans.BeanWrapperImpl.convertIfNecessary(BeanWrapperImpl.java:470) ~[spring-beans-3.1.3.RELEASE.jar:3.1.3.RELEASE]
	... 64 common frames omitted
2015-06-09 10:19:56,406 [main] ERROR [org.springframework.web.servlet.DispatcherServlet] - Context initialization failed
org.springframework.beans.factory.BeanDefinitionStoreException: Invalid bean definition with name 'dataSource' defined in URL [file:/E:/program/workplace/authentication/target/classes/applicationContext.xml]: Could not resolve placeholder 'jdbc.driver' in string value "${jdbc.driver}"
	at org.springframework.beans.factory.config.PlaceholderConfigurerSupport.doProcessProperties(PlaceholderConfigurerSupport.java:209) ~[spring-beans-3.1.3.RELEASE.jar:3.1.3.RELEASE]
	at org.springframework.context.support.PropertySourcesPlaceholderConfigurer.processProperties(PropertySourcesPlaceholderConfigurer.java:174) ~[spring-context-3.1.3.RELEASE.jar:3.1.3.RELEASE]
	at org.springframework.context.support.PropertySourcesPlaceholderConfigurer.postProcessBeanFactory(PropertySourcesPlaceholderConfigurer.java:151) ~[spring-context-3.1.3.RELEASE.jar:3.1.3.RELEASE]
	at org.springframework.context.support.AbstractApplicationContext.invokeBeanFactoryPostProcessors(AbstractApplicationContext.java:687) ~[spring-context-3.1.3.RELEASE.jar:3.1.3.RELEASE]
	at org.springframework.context.support.AbstractApplicationContext.invokeBeanFactoryPostProcessors(AbstractApplicationContext.java:662) ~[spring-context-3.1.3.RELEASE.jar:3.1.3.RELEASE]
	at org.springframework.context.support.AbstractApplicationContext.refresh(AbstractApplicationContext.java:454) ~[spring-context-3.1.3.RELEASE.jar:3.1.3.RELEASE]
	at org.springframework.web.servlet.FrameworkServlet.configureAndRefreshWebApplicationContext(FrameworkServlet.java:631) ~[spring-webmvc-3.1.3.RELEASE.jar:3.1.3.RELEASE]
	at org.springframework.web.servlet.FrameworkServlet.createWebApplicationContext(FrameworkServlet.java:588) ~[spring-webmvc-3.1.3.RELEASE.jar:3.1.3.RELEASE]
	at org.springframework.web.servlet.FrameworkServlet.createWebApplicationContext(FrameworkServlet.java:645) ~[spring-webmvc-3.1.3.RELEASE.jar:3.1.3.RELEASE]
	at org.springframework.web.servlet.FrameworkServlet.initWebApplicationContext(FrameworkServlet.java:508) ~[spring-webmvc-3.1.3.RELEASE.jar:3.1.3.RELEASE]
	at org.springframework.web.servlet.FrameworkServlet.initServletBean(FrameworkServlet.java:449) ~[spring-webmvc-3.1.3.RELEASE.jar:3.1.3.RELEASE]
	at org.springframework.web.servlet.HttpServletBean.init(HttpServletBean.java:133) [spring-webmvc-3.1.3.RELEASE.jar:3.1.3.RELEASE]
	at javax.servlet.GenericServlet.init(GenericServlet.java:242) [servlet-api-3.0.20100224.jar:na]
	at org.eclipse.jetty.servlet.ServletHolder.initServlet(ServletHolder.java:492) [jetty-servlet-8.1.0.v20120127.jar:8.1.0.v20120127]
	at org.eclipse.jetty.servlet.ServletHolder.doStart(ServletHolder.java:312) [jetty-servlet-8.1.0.v20120127.jar:8.1.0.v20120127]
	at org.eclipse.jetty.util.component.AbstractLifeCycle.start(AbstractLifeCycle.java:59) [jetty-util-8.1.0.v20120127.jar:8.1.0.v20120127]
	at org.eclipse.jetty.servlet.ServletHandler.initialize(ServletHandler.java:776) [jetty-servlet-8.1.0.v20120127.jar:8.1.0.v20120127]
	at org.eclipse.jetty.servlet.ServletContextHandler.startContext(ServletContextHandler.java:258) [jetty-servlet-8.1.0.v20120127.jar:8.1.0.v20120127]
	at org.eclipse.jetty.webapp.WebAppContext.startContext(WebAppContext.java:1213) [jetty-webapp-8.1.0.v20120127.jar:8.1.0.v20120127]
	at org.eclipse.jetty.server.handler.ContextHandler.doStart(ContextHandler.java:699) [jetty-server-8.1.0.v20120127.jar:8.1.0.v20120127]
	at org.eclipse.jetty.webapp.WebAppContext.doStart(WebAppContext.java:454) [jetty-webapp-8.1.0.v20120127.jar:8.1.0.v20120127]
	at org.mortbay.jetty.plugin.JettyWebAppContext.doStart(JettyWebAppContext.java:256) [jetty-maven-plugin-8.1.0.v20120127.jar:8.1.0.v20120127]
	at org.eclipse.jetty.util.component.AbstractLifeCycle.start(AbstractLifeCycle.java:59) [jetty-util-8.1.0.v20120127.jar:8.1.0.v20120127]
	at org.eclipse.jetty.server.handler.HandlerCollection.doStart(HandlerCollection.java:224) [jetty-server-8.1.0.v20120127.jar:8.1.0.v20120127]
	at org.eclipse.jetty.server.handler.ContextHandlerCollection.doStart(ContextHandlerCollection.java:167) [jetty-server-8.1.0.v20120127.jar:8.1.0.v20120127]
	at org.eclipse.jetty.util.component.AbstractLifeCycle.start(AbstractLifeCycle.java:59) [jetty-util-8.1.0.v20120127.jar:8.1.0.v20120127]
	at org.eclipse.jetty.server.handler.HandlerCollection.doStart(HandlerCollection.java:224) [jetty-server-8.1.0.v20120127.jar:8.1.0.v20120127]
	at org.eclipse.jetty.util.component.AbstractLifeCycle.start(AbstractLifeCycle.java:59) [jetty-util-8.1.0.v20120127.jar:8.1.0.v20120127]
	at org.eclipse.jetty.server.handler.HandlerWrapper.doStart(HandlerWrapper.java:90) [jetty-server-8.1.0.v20120127.jar:8.1.0.v20120127]
	at org.eclipse.jetty.server.Server.doStart(Server.java:263) [jetty-server-8.1.0.v20120127.jar:8.1.0.v20120127]
	at org.mortbay.jetty.plugin.JettyServer.doStart(JettyServer.java:65) [jetty-maven-plugin-8.1.0.v20120127.jar:8.1.0.v20120127]
	at org.eclipse.jetty.util.component.AbstractLifeCycle.start(AbstractLifeCycle.java:59) [jetty-util-8.1.0.v20120127.jar:8.1.0.v20120127]
	at org.mortbay.jetty.plugin.AbstractJettyMojo.startJetty(AbstractJettyMojo.java:511) [jetty-maven-plugin-8.1.0.v20120127.jar:8.1.0.v20120127]
	at org.mortbay.jetty.plugin.AbstractJettyMojo.execute(AbstractJettyMojo.java:364) [jetty-maven-plugin-8.1.0.v20120127.jar:8.1.0.v20120127]
	at org.mortbay.jetty.plugin.JettyRunMojo.execute(JettyRunMojo.java:514) [jetty-maven-plugin-8.1.0.v20120127.jar:8.1.0.v20120127]
	at org.apache.maven.plugin.DefaultBuildPluginManager.executeMojo(DefaultBuildPluginManager.java:133) [maven-core-3.2.1.jar:3.2.1]
	at org.apache.maven.lifecycle.internal.MojoExecutor.execute(MojoExecutor.java:208) [maven-core-3.2.1.jar:3.2.1]
	at org.apache.maven.lifecycle.internal.MojoExecutor.execute(MojoExecutor.java:153) [maven-core-3.2.1.jar:3.2.1]
	at org.apache.maven.lifecycle.internal.MojoExecutor.execute(MojoExecutor.java:145) [maven-core-3.2.1.jar:3.2.1]
	at org.apache.maven.lifecycle.internal.LifecycleModuleBuilder.buildProject(LifecycleModuleBuilder.java:108) [maven-core-3.2.1.jar:3.2.1]
	at org.apache.maven.lifecycle.internal.LifecycleModuleBuilder.buildProject(LifecycleModuleBuilder.java:76) [maven-core-3.2.1.jar:3.2.1]
	at org.apache.maven.lifecycle.internal.builder.singlethreaded.SingleThreadedBuilder.build(SingleThreadedBuilder.java:51) [maven-core-3.2.1.jar:3.2.1]
	at org.apache.maven.lifecycle.internal.LifecycleStarter.execute(LifecycleStarter.java:116) [maven-core-3.2.1.jar:3.2.1]
	at org.apache.maven.DefaultMaven.doExecute(DefaultMaven.java:361) [maven-core-3.2.1.jar:3.2.1]
	at org.apache.maven.DefaultMaven.execute(DefaultMaven.java:155) [maven-core-3.2.1.jar:3.2.1]
	at org.apache.maven.cli.MavenCli.execute(MavenCli.java:584) [maven-embedder-3.2.1.jar:3.2.1]
	at org.apache.maven.cli.MavenCli.doMain(MavenCli.java:213) [maven-embedder-3.2.1.jar:3.2.1]
	at org.apache.maven.cli.MavenCli.main(MavenCli.java:157) [maven-embedder-3.2.1.jar:3.2.1]
	at sun.reflect.NativeMethodAccessorImpl.invoke0(Native Method) ~[na:1.8.0_05]
	at sun.reflect.NativeMethodAccessorImpl.invoke(NativeMethodAccessorImpl.java:62) ~[na:1.8.0_05]
	at sun.reflect.DelegatingMethodAccessorImpl.invoke(DelegatingMethodAccessorImpl.java:43) ~[na:1.8.0_05]
	at java.lang.reflect.Method.invoke(Method.java:483) ~[na:1.8.0_05]
	at org.codehaus.plexus.classworlds.launcher.Launcher.launchEnhanced(Launcher.java:289) [plexus-classworlds-2.5.1.jar:na]
	at org.codehaus.plexus.classworlds.launcher.Launcher.launch(Launcher.java:229) [plexus-classworlds-2.5.1.jar:na]
	at org.codehaus.plexus.classworlds.launcher.Launcher.mainWithExitCode(Launcher.java:415) [plexus-classworlds-2.5.1.jar:na]
	at org.codehaus.plexus.classworlds.launcher.Launcher.main(Launcher.java:356) [plexus-classworlds-2.5.1.jar:na]
2015-06-09 10:22:56,416 [main] ERROR [org.springframework.web.context.ContextLoader] - Context initialization failed
org.springframework.beans.factory.BeanDefinitionStoreException: Invalid bean definition with name 'dataSource' defined in URL [file:/E:/program/workplace/authentication/target/classes/applicationContext.xml]: Could not resolve placeholder 'jdbc.driver' in string value "${jdbc.driver}"
	at org.springframework.beans.factory.config.PlaceholderConfigurerSupport.doProcessProperties(PlaceholderConfigurerSupport.java:209) ~[spring-beans-3.1.3.RELEASE.jar:3.1.3.RELEASE]
	at org.springframework.context.support.PropertySourcesPlaceholderConfigurer.processProperties(PropertySourcesPlaceholderConfigurer.java:174) ~[spring-context-3.1.3.RELEASE.jar:3.1.3.RELEASE]
	at org.springframework.context.support.PropertySourcesPlaceholderConfigurer.postProcessBeanFactory(PropertySourcesPlaceholderConfigurer.java:151) ~[spring-context-3.1.3.RELEASE.jar:3.1.3.RELEASE]
	at org.springframework.context.support.AbstractApplicationContext.invokeBeanFactoryPostProcessors(AbstractApplicationContext.java:687) ~[spring-context-3.1.3.RELEASE.jar:3.1.3.RELEASE]
	at org.springframework.context.support.AbstractApplicationContext.invokeBeanFactoryPostProcessors(AbstractApplicationContext.java:662) ~[spring-context-3.1.3.RELEASE.jar:3.1.3.RELEASE]
	at org.springframework.context.support.AbstractApplicationContext.refresh(AbstractApplicationContext.java:454) ~[spring-context-3.1.3.RELEASE.jar:3.1.3.RELEASE]
	at org.springframework.web.context.ContextLoader.configureAndRefreshWebApplicationContext(ContextLoader.java:383) ~[spring-web-3.1.3.RELEASE.jar:3.1.3.RELEASE]
	at org.springframework.web.context.ContextLoader.initWebApplicationContext(ContextLoader.java:283) ~[spring-web-3.1.3.RELEASE.jar:3.1.3.RELEASE]
	at org.springframework.web.context.ContextLoaderListener.contextInitialized(ContextLoaderListener.java:111) [spring-web-3.1.3.RELEASE.jar:3.1.3.RELEASE]
	at org.eclipse.jetty.server.handler.ContextHandler.callContextInitialized(ContextHandler.java:764) [jetty-server-8.1.0.v20120127.jar:8.1.0.v20120127]
	at org.eclipse.jetty.servlet.ServletContextHandler.callContextInitialized(ServletContextHandler.java:406) [jetty-servlet-8.1.0.v20120127.jar:8.1.0.v20120127]
	at org.eclipse.jetty.server.handler.ContextHandler.startContext(ContextHandler.java:756) [jetty-server-8.1.0.v20120127.jar:8.1.0.v20120127]
	at org.eclipse.jetty.servlet.ServletContextHandler.startContext(ServletContextHandler.java:242) [jetty-servlet-8.1.0.v20120127.jar:8.1.0.v20120127]
	at org.eclipse.jetty.webapp.WebAppContext.startContext(WebAppContext.java:1213) [jetty-webapp-8.1.0.v20120127.jar:8.1.0.v20120127]
	at org.eclipse.jetty.server.handler.ContextHandler.doStart(ContextHandler.java:699) [jetty-server-8.1.0.v20120127.jar:8.1.0.v20120127]
	at org.eclipse.jetty.webapp.WebAppContext.doStart(WebAppContext.java:454) [jetty-webapp-8.1.0.v20120127.jar:8.1.0.v20120127]
	at org.mortbay.jetty.plugin.JettyWebAppContext.doStart(JettyWebAppContext.java:256) [jetty-maven-plugin-8.1.0.v20120127.jar:8.1.0.v20120127]
	at org.eclipse.jetty.util.component.AbstractLifeCycle.start(AbstractLifeCycle.java:59) [jetty-util-8.1.0.v20120127.jar:8.1.0.v20120127]
	at org.eclipse.jetty.server.handler.HandlerCollection.doStart(HandlerCollection.java:224) [jetty-server-8.1.0.v20120127.jar:8.1.0.v20120127]
	at org.eclipse.jetty.server.handler.ContextHandlerCollection.doStart(ContextHandlerCollection.java:167) [jetty-server-8.1.0.v20120127.jar:8.1.0.v20120127]
	at org.eclipse.jetty.util.component.AbstractLifeCycle.start(AbstractLifeCycle.java:59) [jetty-util-8.1.0.v20120127.jar:8.1.0.v20120127]
	at org.eclipse.jetty.server.handler.HandlerCollection.doStart(HandlerCollection.java:224) [jetty-server-8.1.0.v20120127.jar:8.1.0.v20120127]
	at org.eclipse.jetty.util.component.AbstractLifeCycle.start(AbstractLifeCycle.java:59) [jetty-util-8.1.0.v20120127.jar:8.1.0.v20120127]
	at org.eclipse.jetty.server.handler.HandlerWrapper.doStart(HandlerWrapper.java:90) [jetty-server-8.1.0.v20120127.jar:8.1.0.v20120127]
	at org.eclipse.jetty.server.Server.doStart(Server.java:263) [jetty-server-8.1.0.v20120127.jar:8.1.0.v20120127]
	at org.mortbay.jetty.plugin.JettyServer.doStart(JettyServer.java:65) [jetty-maven-plugin-8.1.0.v20120127.jar:8.1.0.v20120127]
	at org.eclipse.jetty.util.component.AbstractLifeCycle.start(AbstractLifeCycle.java:59) [jetty-util-8.1.0.v20120127.jar:8.1.0.v20120127]
	at org.mortbay.jetty.plugin.AbstractJettyMojo.startJetty(AbstractJettyMojo.java:511) [jetty-maven-plugin-8.1.0.v20120127.jar:8.1.0.v20120127]
	at org.mortbay.jetty.plugin.AbstractJettyMojo.execute(AbstractJettyMojo.java:364) [jetty-maven-plugin-8.1.0.v20120127.jar:8.1.0.v20120127]
	at org.mortbay.jetty.plugin.JettyRunMojo.execute(JettyRunMojo.java:514) [jetty-maven-plugin-8.1.0.v20120127.jar:8.1.0.v20120127]
	at org.apache.maven.plugin.DefaultBuildPluginManager.executeMojo(DefaultBuildPluginManager.java:133) [maven-core-3.2.1.jar:3.2.1]
	at org.apache.maven.lifecycle.internal.MojoExecutor.execute(MojoExecutor.java:208) [maven-core-3.2.1.jar:3.2.1]
	at org.apache.maven.lifecycle.internal.MojoExecutor.execute(MojoExecutor.java:153) [maven-core-3.2.1.jar:3.2.1]
	at org.apache.maven.lifecycle.internal.MojoExecutor.execute(MojoExecutor.java:145) [maven-core-3.2.1.jar:3.2.1]
	at org.apache.maven.lifecycle.internal.LifecycleModuleBuilder.buildProject(LifecycleModuleBuilder.java:108) [maven-core-3.2.1.jar:3.2.1]
	at org.apache.maven.lifecycle.internal.LifecycleModuleBuilder.buildProject(LifecycleModuleBuilder.java:76) [maven-core-3.2.1.jar:3.2.1]
	at org.apache.maven.lifecycle.internal.builder.singlethreaded.SingleThreadedBuilder.build(SingleThreadedBuilder.java:51) [maven-core-3.2.1.jar:3.2.1]
	at org.apache.maven.lifecycle.internal.LifecycleStarter.execute(LifecycleStarter.java:116) [maven-core-3.2.1.jar:3.2.1]
	at org.apache.maven.DefaultMaven.doExecute(DefaultMaven.java:361) [maven-core-3.2.1.jar:3.2.1]
	at org.apache.maven.DefaultMaven.execute(DefaultMaven.java:155) [maven-core-3.2.1.jar:3.2.1]
	at org.apache.maven.cli.MavenCli.execute(MavenCli.java:584) [maven-embedder-3.2.1.jar:3.2.1]
	at org.apache.maven.cli.MavenCli.doMain(MavenCli.java:213) [maven-embedder-3.2.1.jar:3.2.1]
	at org.apache.maven.cli.MavenCli.main(MavenCli.java:157) [maven-embedder-3.2.1.jar:3.2.1]
	at sun.reflect.NativeMethodAccessorImpl.invoke0(Native Method) ~[na:1.8.0_05]
	at sun.reflect.NativeMethodAccessorImpl.invoke(NativeMethodAccessorImpl.java:62) ~[na:1.8.0_05]
	at sun.reflect.DelegatingMethodAccessorImpl.invoke(DelegatingMethodAccessorImpl.java:43) ~[na:1.8.0_05]
	at java.lang.reflect.Method.invoke(Method.java:483) ~[na:1.8.0_05]
	at org.codehaus.plexus.classworlds.launcher.Launcher.launchEnhanced(Launcher.java:289) [plexus-classworlds-2.5.1.jar:na]
	at org.codehaus.plexus.classworlds.launcher.Launcher.launch(Launcher.java:229) [plexus-classworlds-2.5.1.jar:na]
	at org.codehaus.plexus.classworlds.launcher.Launcher.mainWithExitCode(Launcher.java:415) [plexus-classworlds-2.5.1.jar:na]
	at org.codehaus.plexus.classworlds.launcher.Launcher.main(Launcher.java:356) [plexus-classworlds-2.5.1.jar:na]
2015-06-09 10:25:52,635 [main] ERROR [org.springframework.web.context.ContextLoader] - Context initialization failed
org.springframework.beans.factory.BeanDefinitionStoreException: Invalid bean definition with name 'dataSource' defined in URL [file:/E:/program/workplace/authentication/target/classes/applicationContext.xml]: Could not resolve placeholder 'dbcp.maxActive' in string value "${dbcp.maxActive}"
	at org.springframework.beans.factory.config.PlaceholderConfigurerSupport.doProcessProperties(PlaceholderConfigurerSupport.java:209) ~[spring-beans-3.1.3.RELEASE.jar:3.1.3.RELEASE]
	at org.springframework.context.support.PropertySourcesPlaceholderConfigurer.processProperties(PropertySourcesPlaceholderConfigurer.java:174) ~[spring-context-3.1.3.RELEASE.jar:3.1.3.RELEASE]
	at org.springframework.context.support.PropertySourcesPlaceholderConfigurer.postProcessBeanFactory(PropertySourcesPlaceholderConfigurer.java:151) ~[spring-context-3.1.3.RELEASE.jar:3.1.3.RELEASE]
	at org.springframework.context.support.AbstractApplicationContext.invokeBeanFactoryPostProcessors(AbstractApplicationContext.java:687) ~[spring-context-3.1.3.RELEASE.jar:3.1.3.RELEASE]
	at org.springframework.context.support.AbstractApplicationContext.invokeBeanFactoryPostProcessors(AbstractApplicationContext.java:662) ~[spring-context-3.1.3.RELEASE.jar:3.1.3.RELEASE]
	at org.springframework.context.support.AbstractApplicationContext.refresh(AbstractApplicationContext.java:454) ~[spring-context-3.1.3.RELEASE.jar:3.1.3.RELEASE]
	at org.springframework.web.context.ContextLoader.configureAndRefreshWebApplicationContext(ContextLoader.java:383) ~[spring-web-3.1.3.RELEASE.jar:3.1.3.RELEASE]
	at org.springframework.web.context.ContextLoader.initWebApplicationContext(ContextLoader.java:283) ~[spring-web-3.1.3.RELEASE.jar:3.1.3.RELEASE]
	at org.springframework.web.context.ContextLoaderListener.contextInitialized(ContextLoaderListener.java:111) [spring-web-3.1.3.RELEASE.jar:3.1.3.RELEASE]
	at org.eclipse.jetty.server.handler.ContextHandler.callContextInitialized(ContextHandler.java:764) [jetty-server-8.1.0.v20120127.jar:8.1.0.v20120127]
	at org.eclipse.jetty.servlet.ServletContextHandler.callContextInitialized(ServletContextHandler.java:406) [jetty-servlet-8.1.0.v20120127.jar:8.1.0.v20120127]
	at org.eclipse.jetty.server.handler.ContextHandler.startContext(ContextHandler.java:756) [jetty-server-8.1.0.v20120127.jar:8.1.0.v20120127]
	at org.eclipse.jetty.servlet.ServletContextHandler.startContext(ServletContextHandler.java:242) [jetty-servlet-8.1.0.v20120127.jar:8.1.0.v20120127]
	at org.eclipse.jetty.webapp.WebAppContext.startContext(WebAppContext.java:1213) [jetty-webapp-8.1.0.v20120127.jar:8.1.0.v20120127]
	at org.eclipse.jetty.server.handler.ContextHandler.doStart(ContextHandler.java:699) [jetty-server-8.1.0.v20120127.jar:8.1.0.v20120127]
	at org.eclipse.jetty.webapp.WebAppContext.doStart(WebAppContext.java:454) [jetty-webapp-8.1.0.v20120127.jar:8.1.0.v20120127]
	at org.mortbay.jetty.plugin.JettyWebAppContext.doStart(JettyWebAppContext.java:256) [jetty-maven-plugin-8.1.0.v20120127.jar:8.1.0.v20120127]
	at org.eclipse.jetty.util.component.AbstractLifeCycle.start(AbstractLifeCycle.java:59) [jetty-util-8.1.0.v20120127.jar:8.1.0.v20120127]
	at org.eclipse.jetty.server.handler.HandlerCollection.doStart(HandlerCollection.java:224) [jetty-server-8.1.0.v20120127.jar:8.1.0.v20120127]
	at org.eclipse.jetty.server.handler.ContextHandlerCollection.doStart(ContextHandlerCollection.java:167) [jetty-server-8.1.0.v20120127.jar:8.1.0.v20120127]
	at org.eclipse.jetty.util.component.AbstractLifeCycle.start(AbstractLifeCycle.java:59) [jetty-util-8.1.0.v20120127.jar:8.1.0.v20120127]
	at org.eclipse.jetty.server.handler.HandlerCollection.doStart(HandlerCollection.java:224) [jetty-server-8.1.0.v20120127.jar:8.1.0.v20120127]
	at org.eclipse.jetty.util.component.AbstractLifeCycle.start(AbstractLifeCycle.java:59) [jetty-util-8.1.0.v20120127.jar:8.1.0.v20120127]
	at org.eclipse.jetty.server.handler.HandlerWrapper.doStart(HandlerWrapper.java:90) [jetty-server-8.1.0.v20120127.jar:8.1.0.v20120127]
	at org.eclipse.jetty.server.Server.doStart(Server.java:263) [jetty-server-8.1.0.v20120127.jar:8.1.0.v20120127]
	at org.mortbay.jetty.plugin.JettyServer.doStart(JettyServer.java:65) [jetty-maven-plugin-8.1.0.v20120127.jar:8.1.0.v20120127]
	at org.eclipse.jetty.util.component.AbstractLifeCycle.start(AbstractLifeCycle.java:59) [jetty-util-8.1.0.v20120127.jar:8.1.0.v20120127]
	at org.mortbay.jetty.plugin.AbstractJettyMojo.startJetty(AbstractJettyMojo.java:511) [jetty-maven-plugin-8.1.0.v20120127.jar:8.1.0.v20120127]
	at org.mortbay.jetty.plugin.AbstractJettyMojo.execute(AbstractJettyMojo.java:364) [jetty-maven-plugin-8.1.0.v20120127.jar:8.1.0.v20120127]
	at org.mortbay.jetty.plugin.JettyRunMojo.execute(JettyRunMojo.java:514) [jetty-maven-plugin-8.1.0.v20120127.jar:8.1.0.v20120127]
	at org.apache.maven.plugin.DefaultBuildPluginManager.executeMojo(DefaultBuildPluginManager.java:133) [maven-core-3.2.1.jar:3.2.1]
	at org.apache.maven.lifecycle.internal.MojoExecutor.execute(MojoExecutor.java:208) [maven-core-3.2.1.jar:3.2.1]
	at org.apache.maven.lifecycle.internal.MojoExecutor.execute(MojoExecutor.java:153) [maven-core-3.2.1.jar:3.2.1]
	at org.apache.maven.lifecycle.internal.MojoExecutor.execute(MojoExecutor.java:145) [maven-core-3.2.1.jar:3.2.1]
	at org.apache.maven.lifecycle.internal.LifecycleModuleBuilder.buildProject(LifecycleModuleBuilder.java:108) [maven-core-3.2.1.jar:3.2.1]
	at org.apache.maven.lifecycle.internal.LifecycleModuleBuilder.buildProject(LifecycleModuleBuilder.java:76) [maven-core-3.2.1.jar:3.2.1]
	at org.apache.maven.lifecycle.internal.builder.singlethreaded.SingleThreadedBuilder.build(SingleThreadedBuilder.java:51) [maven-core-3.2.1.jar:3.2.1]
	at org.apache.maven.lifecycle.internal.LifecycleStarter.execute(LifecycleStarter.java:116) [maven-core-3.2.1.jar:3.2.1]
	at org.apache.maven.DefaultMaven.doExecute(DefaultMaven.java:361) [maven-core-3.2.1.jar:3.2.1]
	at org.apache.maven.DefaultMaven.execute(DefaultMaven.java:155) [maven-core-3.2.1.jar:3.2.1]
	at org.apache.maven.cli.MavenCli.execute(MavenCli.java:584) [maven-embedder-3.2.1.jar:3.2.1]
	at org.apache.maven.cli.MavenCli.doMain(MavenCli.java:213) [maven-embedder-3.2.1.jar:3.2.1]
	at org.apache.maven.cli.MavenCli.main(MavenCli.java:157) [maven-embedder-3.2.1.jar:3.2.1]
	at sun.reflect.NativeMethodAccessorImpl.invoke0(Native Method) ~[na:1.8.0_05]
	at sun.reflect.NativeMethodAccessorImpl.invoke(NativeMethodAccessorImpl.java:62) ~[na:1.8.0_05]
	at sun.reflect.DelegatingMethodAccessorImpl.invoke(DelegatingMethodAccessorImpl.java:43) ~[na:1.8.0_05]
	at java.lang.reflect.Method.invoke(Method.java:483) ~[na:1.8.0_05]
	at org.codehaus.plexus.classworlds.launcher.Launcher.launchEnhanced(Launcher.java:289) [plexus-classworlds-2.5.1.jar:na]
	at org.codehaus.plexus.classworlds.launcher.Launcher.launch(Launcher.java:229) [plexus-classworlds-2.5.1.jar:na]
	at org.codehaus.plexus.classworlds.launcher.Launcher.mainWithExitCode(Launcher.java:415) [plexus-classworlds-2.5.1.jar:na]
	at org.codehaus.plexus.classworlds.launcher.Launcher.main(Launcher.java:356) [plexus-classworlds-2.5.1.jar:na]
